<?xml version="1.0" encoding="UTF-8"?>
<testng-results skipped="0" failed="1" total="18" passed="17">
  <reporter-output>
  </reporter-output>
  <suite name="Default suite" duration-ms="214" started-at="2017-04-07T02:28:50Z" finished-at="2017-04-07T02:28:51Z">
    <groups>
      <group name="cat2">
        <method signature="Demo.test1()[pri:0, instance:com.selenium.testNG.Demo@6f7fd0e6]" name="test1" class="com.selenium.testNG.Demo"/>
      </group> <!-- cat2 -->
      <group name="cat1">
        <method signature="Demo.test1()[pri:0, instance:com.selenium.testNG.Demo@6f7fd0e6]" name="test1" class="com.selenium.testNG.Demo"/>
        <method signature="Demo.test2()[pri:0, instance:com.selenium.testNG.Demo@6f7fd0e6]" name="test2" class="com.selenium.testNG.Demo"/>
      </group> <!-- cat1 -->
    </groups>
    <test name="Default test" duration-ms="214" started-at="2017-04-07T02:28:50Z" finished-at="2017-04-07T02:28:51Z">
      <class name="com.selenium.testNG.Demo">
        <test-method status="PASS" signature="dostuff()[pri:0, instance:com.selenium.testNG.Demo@6f7fd0e6]" name="dostuff" is-config="true" duration-ms="0" started-at="2017-04-07T07:58:51Z" finished-at="2017-04-07T07:58:51Z">
          <reporter-output>
          </reporter-output>
        </test-method> <!-- dostuff -->
        <test-method status="PASS" signature="setup()[pri:0, instance:com.selenium.testNG.Demo@6f7fd0e6]" name="setup" is-config="true" duration-ms="1" started-at="2017-04-07T07:58:51Z" finished-at="2017-04-07T07:58:51Z">
          <reporter-output>
          </reporter-output>
        </test-method> <!-- setup -->
        <test-method status="PASS" signature="test1()[pri:0, instance:com.selenium.testNG.Demo@6f7fd0e6]" name="test1" duration-ms="10" started-at="2017-04-07T07:58:51Z" finished-at="2017-04-07T07:58:51Z">
          <reporter-output>
          </reporter-output>
        </test-method> <!-- test1 -->
        <test-method status="PASS" signature="teardown()[pri:0, instance:com.selenium.testNG.Demo@6f7fd0e6]" name="teardown" is-config="true" duration-ms="0" started-at="2017-04-07T07:58:51Z" finished-at="2017-04-07T07:58:51Z">
          <reporter-output>
          </reporter-output>
        </test-method> <!-- teardown -->
        <test-method status="FAIL" signature="test2()[pri:0, instance:com.selenium.testNG.Demo@6f7fd0e6]" name="test2" duration-ms="3" started-at="2017-04-07T07:58:51Z" finished-at="2017-04-07T07:58:51Z">
          <exception class="java.lang.AssertionError">
            <message>
              <![CDATA[expected [false] but found [true]]]>
            </message>
            <full-stacktrace>
              <![CDATA[java.lang.AssertionError: expected [false] but found [true]
	at org.testng.Assert.fail(Assert.java:94)
	at org.testng.Assert.failNotEquals(Assert.java:496)
	at org.testng.Assert.assertFalse(Assert.java:63)
	at org.testng.Assert.assertFalse(Assert.java:73)
	at com.selenium.testNG.Demo.test2(Demo.java:32)
	at sun.reflect.NativeMethodAccessorImpl.invoke0(Native Method)
	at sun.reflect.NativeMethodAccessorImpl.invoke(NativeMethodAccessorImpl.java:62)
	at sun.reflect.DelegatingMethodAccessorImpl.invoke(DelegatingMethodAccessorImpl.java:43)
	at java.lang.reflect.Method.invoke(Method.java:498)
	at org.testng.internal.MethodInvocationHelper.invokeMethod(MethodInvocationHelper.java:85)
	at org.testng.internal.Invoker.invokeMethod(Invoker.java:639)
	at org.testng.internal.Invoker.invokeTestMethod(Invoker.java:816)
	at org.testng.internal.Invoker.invokeTestMethods(Invoker.java:1124)
	at org.testng.internal.TestMethodWorker.invokeTestMethods(TestMethodWorker.java:125)
	at org.testng.internal.TestMethodWorker.run(TestMethodWorker.java:108)
	at org.testng.TestRunner.privateRun(TestRunner.java:774)
	at org.testng.TestRunner.run(TestRunner.java:624)
	at org.testng.SuiteRunner.runTest(SuiteRunner.java:359)
	at org.testng.SuiteRunner.runSequentially(SuiteRunner.java:354)
	at org.testng.SuiteRunner.privateRun(SuiteRunner.java:312)
	at org.testng.SuiteRunner.run(SuiteRunner.java:261)
	at org.testng.SuiteRunnerWorker.runSuite(SuiteRunnerWorker.java:52)
	at org.testng.SuiteRunnerWorker.run(SuiteRunnerWorker.java:86)
	at org.testng.TestNG.runSuitesSequentially(TestNG.java:1215)
	at org.testng.TestNG.runSuitesLocally(TestNG.java:1140)
	at org.testng.TestNG.run(TestNG.java:1048)
	at org.testng.remote.AbstractRemoteTestNG.run(AbstractRemoteTestNG.java:132)
	at org.testng.remote.RemoteTestNG.initAndRun(RemoteTestNG.java:230)
	at org.testng.remote.RemoteTestNG.main(RemoteTestNG.java:76)
]]>
            </full-stacktrace>
          </exception> <!-- java.lang.AssertionError -->
          <reporter-output>
          </reporter-output>
        </test-method> <!-- test2 -->
        <test-method status="PASS" signature="setup()[pri:0, instance:com.selenium.testNG.Demo@6f7fd0e6]" name="setup" is-config="true" duration-ms="0" started-at="2017-04-07T07:58:51Z" finished-at="2017-04-07T07:58:51Z">
          <reporter-output>
          </reporter-output>
        </test-method> <!-- setup -->
        <test-method status="PASS" signature="teardown()[pri:0, instance:com.selenium.testNG.Demo@6f7fd0e6]" name="teardown" is-config="true" duration-ms="3" started-at="2017-04-07T07:58:51Z" finished-at="2017-04-07T07:58:51Z">
          <reporter-output>
          </reporter-output>
        </test-method> <!-- teardown -->
      </class> <!-- com.selenium.testNG.Demo -->
      <class name="com.selenium.testNG.FactoryExample">
        <test-method status="PASS" signature="cc()[pri:0, instance:com.selenium.testNG.FactoryExample@4501b7af]" name="cc" is-config="true" duration-ms="8" started-at="2017-04-07T07:58:50Z" finished-at="2017-04-07T07:58:50Z">
          <reporter-output>
          </reporter-output>
        </test-method> <!-- cc -->
        <test-method status="PASS" signature="a()[pri:0, instance:com.selenium.testNG.FactoryExample@28d25987]" name="a" duration-ms="2" started-at="2017-04-07T07:58:51Z" finished-at="2017-04-07T07:58:51Z">
          <reporter-output>
          </reporter-output>
        </test-method> <!-- a -->
        <test-method status="PASS" signature="a()[pri:0, instance:com.selenium.testNG.FactoryExample@4501b7af]" name="a" duration-ms="2" started-at="2017-04-07T07:58:51Z" finished-at="2017-04-07T07:58:51Z">
          <reporter-output>
          </reporter-output>
        </test-method> <!-- a -->
        <test-method status="PASS" signature="a()[pri:0, instance:com.selenium.testNG.FactoryExample@59fa1d9b]" name="a" duration-ms="3" started-at="2017-04-07T07:58:51Z" finished-at="2017-04-07T07:58:51Z">
          <reporter-output>
          </reporter-output>
        </test-method> <!-- a -->
        <test-method status="PASS" signature="a()[pri:0, instance:com.selenium.testNG.FactoryExample@d8355a8]" name="a" duration-ms="3" started-at="2017-04-07T07:58:51Z" finished-at="2017-04-07T07:58:51Z">
          <reporter-output>
          </reporter-output>
        </test-method> <!-- a -->
        <test-method status="PASS" signature="a0()[pri:0, instance:com.selenium.testNG.FactoryExample@28d25987]" name="a0" duration-ms="3" started-at="2017-04-07T07:58:51Z" finished-at="2017-04-07T07:58:51Z">
          <reporter-output>
          </reporter-output>
        </test-method> <!-- a0 -->
        <test-method status="PASS" signature="a0()[pri:0, instance:com.selenium.testNG.FactoryExample@4501b7af]" name="a0" duration-ms="4" started-at="2017-04-07T07:58:51Z" finished-at="2017-04-07T07:58:51Z">
          <reporter-output>
          </reporter-output>
        </test-method> <!-- a0 -->
        <test-method status="PASS" signature="a0()[pri:0, instance:com.selenium.testNG.FactoryExample@59fa1d9b]" name="a0" duration-ms="4" started-at="2017-04-07T07:58:51Z" finished-at="2017-04-07T07:58:51Z">
          <reporter-output>
          </reporter-output>
        </test-method> <!-- a0 -->
        <test-method status="PASS" signature="a0()[pri:0, instance:com.selenium.testNG.FactoryExample@d8355a8]" name="a0" duration-ms="5" started-at="2017-04-07T07:58:51Z" finished-at="2017-04-07T07:58:51Z">
          <reporter-output>
          </reporter-output>
        </test-method> <!-- a0 -->
        <test-method status="PASS" signature="b()[pri:0, instance:com.selenium.testNG.FactoryExample@28d25987]" name="b" duration-ms="2" started-at="2017-04-07T07:58:51Z" finished-at="2017-04-07T07:58:51Z">
          <reporter-output>
          </reporter-output>
        </test-method> <!-- b -->
        <test-method status="PASS" signature="b()[pri:0, instance:com.selenium.testNG.FactoryExample@4501b7af]" name="b" duration-ms="6" started-at="2017-04-07T07:58:51Z" finished-at="2017-04-07T07:58:51Z">
          <reporter-output>
          </reporter-output>
        </test-method> <!-- b -->
        <test-method status="PASS" signature="b()[pri:0, instance:com.selenium.testNG.FactoryExample@59fa1d9b]" name="b" duration-ms="2" started-at="2017-04-07T07:58:51Z" finished-at="2017-04-07T07:58:51Z">
          <reporter-output>
          </reporter-output>
        </test-method> <!-- b -->
        <test-method status="PASS" signature="b()[pri:0, instance:com.selenium.testNG.FactoryExample@d8355a8]" name="b" duration-ms="3" started-at="2017-04-07T07:58:51Z" finished-at="2017-04-07T07:58:51Z">
          <reporter-output>
          </reporter-output>
        </test-method> <!-- b -->
        <test-method status="PASS" signature="c()[pri:0, instance:com.selenium.testNG.FactoryExample@28d25987]" name="c" duration-ms="5" started-at="2017-04-07T07:58:51Z" finished-at="2017-04-07T07:58:51Z">
          <reporter-output>
          </reporter-output>
        </test-method> <!-- c -->
        <test-method status="PASS" signature="c()[pri:0, instance:com.selenium.testNG.FactoryExample@4501b7af]" name="c" duration-ms="4" started-at="2017-04-07T07:58:51Z" finished-at="2017-04-07T07:58:51Z">
          <reporter-output>
          </reporter-output>
        </test-method> <!-- c -->
        <test-method status="PASS" signature="c()[pri:0, instance:com.selenium.testNG.FactoryExample@59fa1d9b]" name="c" duration-ms="6" started-at="2017-04-07T07:58:51Z" finished-at="2017-04-07T07:58:51Z">
          <reporter-output>
          </reporter-output>
        </test-method> <!-- c -->
        <test-method status="PASS" signature="c()[pri:0, instance:com.selenium.testNG.FactoryExample@d8355a8]" name="c" duration-ms="2" started-at="2017-04-07T07:58:51Z" finished-at="2017-04-07T07:58:51Z">
          <reporter-output>
          </reporter-output>
        </test-method> <!-- c -->
        <test-method status="PASS" signature="DD()[pri:0, instance:com.selenium.testNG.FactoryExample@4501b7af]" name="DD" is-config="true" duration-ms="1" started-at="2017-04-07T07:58:51Z" finished-at="2017-04-07T07:58:51Z">
          <reporter-output>
          </reporter-output>
        </test-method> <!-- DD -->
      </class> <!-- com.selenium.testNG.FactoryExample -->
    </test> <!-- Default test -->
  </suite> <!-- Default suite -->
</testng-results>
